INFO [2020-02-23 11:20:44] $x
INFO [2020-02-23 11:20:44] list(lm22_genes, dlbcl_sig_matrix_genes)
INFO [2020-02-23 11:20:44] 
INFO [2020-02-23 11:20:44] $category.names
INFO [2020-02-23 11:20:44] c("LM22 Signature Genes", "DLBCL Custom \nSignature Genes")
INFO [2020-02-23 11:20:44] 
INFO [2020-02-23 11:20:44] $filename
INFO [2020-02-23 11:20:44] [1] "output/venn.png"
INFO [2020-02-23 11:20:44] 
INFO [2020-02-23 11:20:44] $output
INFO [2020-02-23 11:20:44] [1] TRUE
INFO [2020-02-23 11:20:44] 
INFO [2020-02-23 11:20:44] $imagetype
INFO [2020-02-23 11:20:44] [1] "png"
INFO [2020-02-23 11:20:44] 
INFO [2020-02-23 11:20:44] $height
INFO [2020-02-23 11:20:44] [1] 600
INFO [2020-02-23 11:20:44] 
INFO [2020-02-23 11:20:44] $width
INFO [2020-02-23 11:20:44] [1] 600
INFO [2020-02-23 11:20:44] 
INFO [2020-02-23 11:20:44] $resolution
INFO [2020-02-23 11:20:44] [1] 300
INFO [2020-02-23 11:20:44] 
INFO [2020-02-23 11:20:44] $compression
INFO [2020-02-23 11:20:44] [1] "lzw"
INFO [2020-02-23 11:20:44] 
INFO [2020-02-23 11:20:44] $lwd
INFO [2020-02-23 11:20:44] [1] 1.5
INFO [2020-02-23 11:20:44] 
INFO [2020-02-23 11:20:44] $col
INFO [2020-02-23 11:20:44] c("red", "blue")
INFO [2020-02-23 11:20:44] 
INFO [2020-02-23 11:20:44] $fill
INFO [2020-02-23 11:20:44] c(alpha("red", 0.3), alpha("blue", 0.3))
INFO [2020-02-23 11:20:44] 
INFO [2020-02-23 11:20:44] $cex
INFO [2020-02-23 11:20:44] [1] 1.1
INFO [2020-02-23 11:20:44] 
INFO [2020-02-23 11:20:44] $fontfamily
INFO [2020-02-23 11:20:44] [1] "sans"
INFO [2020-02-23 11:20:44] 
INFO [2020-02-23 11:20:44] $cat.cex
INFO [2020-02-23 11:20:44] [1] 0.5
INFO [2020-02-23 11:20:44] 
INFO [2020-02-23 11:20:44] $cat.default.pos
INFO [2020-02-23 11:20:44] [1] "outer"
INFO [2020-02-23 11:20:44] 
INFO [2020-02-23 11:20:44] $cat.pos
INFO [2020-02-23 11:20:44] c(-5, 5)
INFO [2020-02-23 11:20:44] 
INFO [2020-02-23 11:20:44] $cat.dist
INFO [2020-02-23 11:20:44] c(0.055, 0.09)
INFO [2020-02-23 11:20:44] 
INFO [2020-02-23 11:20:44] $cat.fontfamily
INFO [2020-02-23 11:20:44] [1] "sans"
INFO [2020-02-23 11:20:44] 
INFO [2020-02-23 11:20:44] $cat.col
INFO [2020-02-23 11:20:44] c("red", "blue")
INFO [2020-02-23 11:20:44] 
