INFO [2020-02-23 11:17:56] $x
INFO [2020-02-23 11:17:56] list(lm22_genes, dlbcl_sig_matrix_genes)
INFO [2020-02-23 11:17:56] 
INFO [2020-02-23 11:17:56] $category.names
INFO [2020-02-23 11:17:56] c("LM22 Signature Genes", "DLBCL Custom \nSignature Genes")
INFO [2020-02-23 11:17:56] 
INFO [2020-02-23 11:17:56] $filename
INFO [2020-02-23 11:17:56] [1] "output/venn.png"
INFO [2020-02-23 11:17:56] 
INFO [2020-02-23 11:17:56] $output
INFO [2020-02-23 11:17:56] [1] TRUE
INFO [2020-02-23 11:17:56] 
INFO [2020-02-23 11:17:56] $imagetype
INFO [2020-02-23 11:17:56] [1] "png"
INFO [2020-02-23 11:17:56] 
INFO [2020-02-23 11:17:56] $height
INFO [2020-02-23 11:17:56] [1] 600
INFO [2020-02-23 11:17:56] 
INFO [2020-02-23 11:17:56] $width
INFO [2020-02-23 11:17:56] [1] 600
INFO [2020-02-23 11:17:56] 
INFO [2020-02-23 11:17:56] $resolution
INFO [2020-02-23 11:17:56] [1] 300
INFO [2020-02-23 11:17:56] 
INFO [2020-02-23 11:17:56] $compression
INFO [2020-02-23 11:17:56] [1] "lzw"
INFO [2020-02-23 11:17:56] 
INFO [2020-02-23 11:17:56] $lwd
INFO [2020-02-23 11:17:56] [1] 1.5
INFO [2020-02-23 11:17:56] 
INFO [2020-02-23 11:17:56] $col
INFO [2020-02-23 11:17:56] c("red", "blue")
INFO [2020-02-23 11:17:56] 
INFO [2020-02-23 11:17:56] $fill
INFO [2020-02-23 11:17:56] c(alpha("red", 0.3), alpha("blue", 0.3))
INFO [2020-02-23 11:17:56] 
INFO [2020-02-23 11:17:56] $cex
INFO [2020-02-23 11:17:56] [1] 1.1
INFO [2020-02-23 11:17:56] 
INFO [2020-02-23 11:17:56] $fontfamily
INFO [2020-02-23 11:17:56] [1] "sans"
INFO [2020-02-23 11:17:56] 
INFO [2020-02-23 11:17:56] $cat.cex
INFO [2020-02-23 11:17:56] [1] 0.5
INFO [2020-02-23 11:17:56] 
INFO [2020-02-23 11:17:56] $cat.default.pos
INFO [2020-02-23 11:17:56] [1] "outer"
INFO [2020-02-23 11:17:56] 
INFO [2020-02-23 11:17:56] $cat.pos
INFO [2020-02-23 11:17:56] c(-5, 5)
INFO [2020-02-23 11:17:56] 
INFO [2020-02-23 11:17:56] $cat.dist
INFO [2020-02-23 11:17:56] c(0.055, 0.09)
INFO [2020-02-23 11:17:56] 
INFO [2020-02-23 11:17:56] $cat.fontfamily
INFO [2020-02-23 11:17:56] [1] "sans"
INFO [2020-02-23 11:17:56] 
INFO [2020-02-23 11:17:56] $cat.col
INFO [2020-02-23 11:17:56] c("red", "blue")
INFO [2020-02-23 11:17:56] 
