INFO [2020-02-23 11:17:47] $x
INFO [2020-02-23 11:17:47] list(lm22_genes, dlbcl_sig_matrix_genes)
INFO [2020-02-23 11:17:47] 
INFO [2020-02-23 11:17:47] $category.names
INFO [2020-02-23 11:17:47] c("LM22 Signature Genes", "DLBCL Custom \nSignature Genes")
INFO [2020-02-23 11:17:47] 
INFO [2020-02-23 11:17:47] $filename
INFO [2020-02-23 11:17:47] [1] "output/venn.png"
INFO [2020-02-23 11:17:47] 
INFO [2020-02-23 11:17:47] $output
INFO [2020-02-23 11:17:47] [1] TRUE
INFO [2020-02-23 11:17:47] 
INFO [2020-02-23 11:17:47] $imagetype
INFO [2020-02-23 11:17:47] [1] "png"
INFO [2020-02-23 11:17:47] 
INFO [2020-02-23 11:17:47] $height
INFO [2020-02-23 11:17:47] [1] 600
INFO [2020-02-23 11:17:47] 
INFO [2020-02-23 11:17:47] $width
INFO [2020-02-23 11:17:47] [1] 600
INFO [2020-02-23 11:17:47] 
INFO [2020-02-23 11:17:47] $resolution
INFO [2020-02-23 11:17:47] [1] 300
INFO [2020-02-23 11:17:47] 
INFO [2020-02-23 11:17:47] $compression
INFO [2020-02-23 11:17:47] [1] "lzw"
INFO [2020-02-23 11:17:47] 
INFO [2020-02-23 11:17:47] $lwd
INFO [2020-02-23 11:17:47] [1] 1.5
INFO [2020-02-23 11:17:47] 
INFO [2020-02-23 11:17:47] $col
INFO [2020-02-23 11:17:47] c("red", "blue")
INFO [2020-02-23 11:17:47] 
INFO [2020-02-23 11:17:47] $fill
INFO [2020-02-23 11:17:47] c(alpha("red", 0.3), alpha("blue", 0.3))
INFO [2020-02-23 11:17:47] 
INFO [2020-02-23 11:17:47] $cex
INFO [2020-02-23 11:17:47] [1] 1.1
INFO [2020-02-23 11:17:47] 
INFO [2020-02-23 11:17:47] $fontfamily
INFO [2020-02-23 11:17:47] [1] "sans"
INFO [2020-02-23 11:17:47] 
INFO [2020-02-23 11:17:47] $cat.cex
INFO [2020-02-23 11:17:47] [1] 0.5
INFO [2020-02-23 11:17:47] 
INFO [2020-02-23 11:17:47] $cat.default.pos
INFO [2020-02-23 11:17:47] [1] "outer"
INFO [2020-02-23 11:17:47] 
INFO [2020-02-23 11:17:47] $cat.pos
INFO [2020-02-23 11:17:47] c(-5, 5)
INFO [2020-02-23 11:17:47] 
INFO [2020-02-23 11:17:47] $cat.dist
INFO [2020-02-23 11:17:47] c(0.055, 0.09)
INFO [2020-02-23 11:17:47] 
INFO [2020-02-23 11:17:47] $cat.fontfamily
INFO [2020-02-23 11:17:47] [1] "sans"
INFO [2020-02-23 11:17:47] 
INFO [2020-02-23 11:17:47] $cat.col
INFO [2020-02-23 11:17:47] c("red", "blue")
INFO [2020-02-23 11:17:47] 
